<?xml version="1.0" encoding="UTF-8"?>
<!-- Generated by org.testng.reporters.JUnitXMLReporter -->
<testsuite ignored="1" hostname="WINDOWS-BVQNF6J" failures="0" tests="4" name="Default test" time="28.575" errors="0" timestamp="2022-10-21T16:09:32 IST">
  <testcase classname="com.citi.test.LoginTest" name="invalidCredentialTest" time="1.892"/>
  <testcase classname="com.citi.test.LoginTest" name="invalidCredentialTest" time="1.889"/>
  <testcase classname="com.citi.test.LoginTest" name="invalidCredentialTest" time="1.937"/>
  <testcase classname="com.citi.test.LoginTest" name="invalidCredentialTest" time="1.921"/>
  <testcase classname="com.citi.test.LoginTest" name="validCredentialTest" time="0.0">
    <ignored/>
  </testcase> <!-- validCredentialTest -->
</testsuite> <!-- Default test -->
