<?xml version="1.0" encoding="UTF-8"?>
<!-- Generated by org.testng.reporters.JUnitXMLReporter -->
<testsuite ignored="1" hostname="WINDOWS-BVQNF6J" failures="0" tests="2" name="Default test" time="15.341" errors="0" timestamp="2022-10-20T15:36:28 IST">
  <testcase classname="com.citi.test.LoginTest" name="invalidCredentialTest" time="1.911"/>
  <testcase classname="com.citi.test.LoginTest" name="invalidCredentialTest" time="2.004"/>
  <testcase classname="com.citi.test.LoginTest" name="validCredentialTest" time="0.0">
    <ignored/>
  </testcase> <!-- validCredentialTest -->
</testsuite> <!-- Default test -->
