<?xml version="1.0" encoding="UTF-8"?>
<!-- Generated by org.testng.reporters.JUnitXMLReporter -->
<testsuite ignored="1" hostname="WINDOWS-BVQNF6J" failures="0" tests="3" name="Smoke Test" time="27.749" errors="0" timestamp="2022-10-21T14:51:16 IST">
  <testcase classname="com.citi.test.LoginUITest" name="validateTitleTest" time="0.019"/>
  <testcase classname="com.citi.test.LoginTest" name="validCredentialTest" time="6.165"/>
  <testcase classname="com.citi.test.LoginTest" name="validCredentialTest" time="4.877"/>
  <testcase classname="com.citi.test.LoginTest" name="invalidCredentialTest" time="0.0">
    <ignored/>
  </testcase> <!-- invalidCredentialTest -->
</testsuite> <!-- Smoke Test -->
