<?xml version="1.0" encoding="UTF-8"?>
<testng-results ignored="1" total="5" passed="4" failed="0" skipped="0">
  <reporter-output>
  </reporter-output>
  <suite started-at="2022-10-21T16:09:04 IST" name="Default suite" finished-at="2022-10-21T16:09:32 IST" duration-ms="28575">
    <groups>
      <group name="login">
        <method signature="LoginTest.invalidCredentialTest(java.lang.String,java.lang.String,java.lang.String)[pri:0, instance:com.citi.test.LoginTest@368247b9]" name="invalidCredentialTest" class="com.citi.test.LoginTest"/>
      </group> <!-- login -->
    </groups>
    <test started-at="2022-10-21T16:09:04 IST" name="Default test" finished-at="2022-10-21T16:09:32 IST" duration-ms="28575">
      <class name="com.citi.test.LoginTest">
        <test-method is-config="true" signature="init()[pri:0, instance:com.citi.test.LoginTest@368247b9]" started-at="2022-10-21T16:09:03 IST" name="init" finished-at="2022-10-21T16:09:04 IST" duration-ms="348" status="PASS">
          <reporter-output>
          </reporter-output>
        </test-method> <!-- init -->
        <test-method is-config="true" signature="setup(java.lang.String,java.lang.reflect.Method)[pri:0, instance:com.citi.test.LoginTest@368247b9]" started-at="2022-10-21T16:09:05 IST" name="setup" finished-at="2022-10-21T16:09:11 IST" duration-ms="5937" status="PASS">
          <params>
            <param index="0">
              <value>
                <![CDATA[ch]]>
              </value>
            </param>
            <param index="1">
              <value>
                <![CDATA[public void com.citi.test.LoginTest.invalidCredentialTest(java.lang.String,java.lang.String,java.lang.String)]]>
              </value>
            </param>
          </params>
          <reporter-output>
          </reporter-output>
        </test-method> <!-- setup -->
        <test-method signature="invalidCredentialTest(java.lang.String,java.lang.String,java.lang.String)[pri:0, instance:com.citi.test.LoginTest@368247b9]" started-at="2022-10-21T16:09:11 IST" name="invalidCredentialTest" data-provider="commonDataProvider" finished-at="2022-10-21T16:09:12 IST" duration-ms="1892" status="PASS">
          <params>
            <param index="0">
              <value>
                <![CDATA[saul]]>
              </value>
            </param>
            <param index="1">
              <value>
                <![CDATA[saul123]]>
              </value>
            </param>
            <param index="2">
              <value>
                <![CDATA[Invalid credentials]]>
              </value>
            </param>
          </params>
          <reporter-output>
          </reporter-output>
        </test-method> <!-- invalidCredentialTest -->
        <test-method is-config="true" signature="teardown(org.testng.ITestResult)[pri:0, instance:com.citi.test.LoginTest@368247b9]" started-at="2022-10-21T16:09:12 IST" name="teardown" finished-at="2022-10-21T16:09:13 IST" duration-ms="190" status="PASS">
          <params>
            <param index="0">
              <value>
                <![CDATA[[TestResult name=invalidCredentialTest status=SUCCESS method=LoginTest.invalidCredentialTest(java.lang.String,java.lang.String,java.lang.String)[pri:0, instance:com.citi.test.LoginTest@368247b9] output={null}]]]>
              </value>
            </param>
          </params>
          <reporter-output>
          </reporter-output>
        </test-method> <!-- teardown -->
        <test-method is-config="true" signature="setup(java.lang.String,java.lang.reflect.Method)[pri:0, instance:com.citi.test.LoginTest@368247b9]" started-at="2022-10-21T16:09:13 IST" name="setup" finished-at="2022-10-21T16:09:17 IST" duration-ms="4495" status="PASS">
          <params>
            <param index="0">
              <value>
                <![CDATA[ch]]>
              </value>
            </param>
            <param index="1">
              <value>
                <![CDATA[public void com.citi.test.LoginTest.invalidCredentialTest(java.lang.String,java.lang.String,java.lang.String)]]>
              </value>
            </param>
          </params>
          <reporter-output>
          </reporter-output>
        </test-method> <!-- setup -->
        <test-method signature="invalidCredentialTest(java.lang.String,java.lang.String,java.lang.String)[pri:0, instance:com.citi.test.LoginTest@368247b9]" started-at="2022-10-21T16:09:17 IST" name="invalidCredentialTest" data-provider="commonDataProvider" finished-at="2022-10-21T16:09:19 IST" duration-ms="1889" status="PASS">
          <params>
            <param index="0">
              <value>
                <![CDATA[kim]]>
              </value>
            </param>
            <param index="1">
              <value>
                <![CDATA[kim123]]>
              </value>
            </param>
            <param index="2">
              <value>
                <![CDATA[Invalid credentials]]>
              </value>
            </param>
          </params>
          <reporter-output>
          </reporter-output>
        </test-method> <!-- invalidCredentialTest -->
        <test-method is-config="true" signature="teardown(org.testng.ITestResult)[pri:0, instance:com.citi.test.LoginTest@368247b9]" started-at="2022-10-21T16:09:19 IST" name="teardown" finished-at="2022-10-21T16:09:19 IST" duration-ms="146" status="PASS">
          <params>
            <param index="0">
              <value>
                <![CDATA[[TestResult name=invalidCredentialTest status=SUCCESS method=LoginTest.invalidCredentialTest(java.lang.String,java.lang.String,java.lang.String)[pri:0, instance:com.citi.test.LoginTest@368247b9] output={null}]]]>
              </value>
            </param>
          </params>
          <reporter-output>
          </reporter-output>
        </test-method> <!-- teardown -->
        <test-method is-config="true" signature="setup(java.lang.String,java.lang.reflect.Method)[pri:0, instance:com.citi.test.LoginTest@368247b9]" started-at="2022-10-21T16:09:19 IST" name="setup" finished-at="2022-10-21T16:09:24 IST" duration-ms="4527" status="PASS">
          <params>
            <param index="0">
              <value>
                <![CDATA[ch]]>
              </value>
            </param>
            <param index="1">
              <value>
                <![CDATA[public void com.citi.test.LoginTest.invalidCredentialTest(java.lang.String,java.lang.String,java.lang.String)]]>
              </value>
            </param>
          </params>
          <reporter-output>
          </reporter-output>
        </test-method> <!-- setup -->
        <test-method signature="invalidCredentialTest(java.lang.String,java.lang.String,java.lang.String)[pri:0, instance:com.citi.test.LoginTest@368247b9]" started-at="2022-10-21T16:09:24 IST" name="invalidCredentialTest" data-provider="commonDataProvider" finished-at="2022-10-21T16:09:26 IST" duration-ms="1937" status="PASS">
          <params>
            <param index="0">
              <value>
                <![CDATA[peter]]>
              </value>
            </param>
            <param index="1">
              <value>
                <![CDATA[peter123]]>
              </value>
            </param>
            <param index="2">
              <value>
                <![CDATA[Invalid credentials]]>
              </value>
            </param>
          </params>
          <reporter-output>
          </reporter-output>
        </test-method> <!-- invalidCredentialTest -->
        <test-method is-config="true" signature="teardown(org.testng.ITestResult)[pri:0, instance:com.citi.test.LoginTest@368247b9]" started-at="2022-10-21T16:09:26 IST" name="teardown" finished-at="2022-10-21T16:09:26 IST" duration-ms="143" status="PASS">
          <params>
            <param index="0">
              <value>
                <![CDATA[[TestResult name=invalidCredentialTest status=SUCCESS method=LoginTest.invalidCredentialTest(java.lang.String,java.lang.String,java.lang.String)[pri:0, instance:com.citi.test.LoginTest@368247b9] output={null}]]]>
              </value>
            </param>
          </params>
          <reporter-output>
          </reporter-output>
        </test-method> <!-- teardown -->
        <test-method is-config="true" signature="setup(java.lang.String,java.lang.reflect.Method)[pri:0, instance:com.citi.test.LoginTest@368247b9]" started-at="2022-10-21T16:09:26 IST" name="setup" finished-at="2022-10-21T16:09:30 IST" duration-ms="4515" status="PASS">
          <params>
            <param index="0">
              <value>
                <![CDATA[ch]]>
              </value>
            </param>
            <param index="1">
              <value>
                <![CDATA[public void com.citi.test.LoginTest.invalidCredentialTest(java.lang.String,java.lang.String,java.lang.String)]]>
              </value>
            </param>
          </params>
          <reporter-output>
          </reporter-output>
        </test-method> <!-- setup -->
        <test-method signature="invalidCredentialTest(java.lang.String,java.lang.String,java.lang.String)[pri:0, instance:com.citi.test.LoginTest@368247b9]" started-at="2022-10-21T16:09:30 IST" name="invalidCredentialTest" data-provider="commonDataProvider" finished-at="2022-10-21T16:09:32 IST" duration-ms="1921" status="PASS">
          <params>
            <param index="0">
              <value>
                <![CDATA[mark]]>
              </value>
            </param>
            <param index="1">
              <value>
                <![CDATA[mark123]]>
              </value>
            </param>
            <param index="2">
              <value>
                <![CDATA[Invalid credentials]]>
              </value>
            </param>
          </params>
          <reporter-output>
          </reporter-output>
        </test-method> <!-- invalidCredentialTest -->
        <test-method is-config="true" signature="teardown(org.testng.ITestResult)[pri:0, instance:com.citi.test.LoginTest@368247b9]" started-at="2022-10-21T16:09:32 IST" name="teardown" finished-at="2022-10-21T16:09:32 IST" duration-ms="125" status="PASS">
          <params>
            <param index="0">
              <value>
                <![CDATA[[TestResult name=invalidCredentialTest status=SUCCESS method=LoginTest.invalidCredentialTest(java.lang.String,java.lang.String,java.lang.String)[pri:0, instance:com.citi.test.LoginTest@368247b9] output={null}]]]>
              </value>
            </param>
          </params>
          <reporter-output>
          </reporter-output>
        </test-method> <!-- teardown -->
        <test-method is-config="true" signature="end()[pri:0, instance:com.citi.test.LoginTest@368247b9]" started-at="2022-10-21T16:09:32 IST" name="end" finished-at="2022-10-21T16:09:33 IST" duration-ms="390" status="PASS">
          <reporter-output>
          </reporter-output>
        </test-method> <!-- end -->
      </class> <!-- com.citi.test.LoginTest -->
    </test> <!-- Default test -->
  </suite> <!-- Default suite -->
</testng-results>
