<?xml version="1.0" encoding="UTF-8"?>
<testng-results ignored="1" total="4" passed="3" failed="0" skipped="0">
  <reporter-output>
  </reporter-output>
  <suite started-at="2022-10-21T14:50:48 IST" name="OrangeHRM Suite" finished-at="2022-10-21T14:51:16 IST" duration-ms="27749">
    <groups>
      <group name="UI">
        <method signature="LoginUITest.validateTitleTest()[pri:0, instance:com.citi.test.LoginUITest@13fd2ccd]" name="validateTitleTest" class="com.citi.test.LoginUITest"/>
      </group> <!-- UI -->
      <group name="smoke">
        <method signature="LoginTest.validCredentialTest(java.lang.String,java.lang.String,java.lang.String)[pri:0, instance:com.citi.test.LoginTest@2794eab6]" name="validCredentialTest" class="com.citi.test.LoginTest"/>
        <method signature="LoginUITest.validateTitleTest()[pri:0, instance:com.citi.test.LoginUITest@13fd2ccd]" name="validateTitleTest" class="com.citi.test.LoginUITest"/>
      </group> <!-- smoke -->
      <group name="login">
        <method signature="LoginTest.validCredentialTest(java.lang.String,java.lang.String,java.lang.String)[pri:0, instance:com.citi.test.LoginTest@2794eab6]" name="validCredentialTest" class="com.citi.test.LoginTest"/>
      </group> <!-- login -->
    </groups>
    <test started-at="2022-10-21T14:50:48 IST" name="Smoke Test" finished-at="2022-10-21T14:51:16 IST" duration-ms="27749">
      <class name="com.citi.test.LoginUITest">
        <test-method is-config="true" signature="setup(java.lang.String)[pri:0, instance:com.citi.test.LoginUITest@13fd2ccd]" started-at="2022-10-21T14:50:48 IST" name="setup" finished-at="2022-10-21T14:50:55 IST" duration-ms="6287" status="PASS">
          <params>
            <param index="0">
              <value>
                <![CDATA[edge]]>
              </value>
            </param>
          </params>
          <reporter-output>
          </reporter-output>
        </test-method> <!-- setup -->
        <test-method signature="validateTitleTest()[pri:0, instance:com.citi.test.LoginUITest@13fd2ccd]" started-at="2022-10-21T14:50:55 IST" name="validateTitleTest" finished-at="2022-10-21T14:50:55 IST" duration-ms="19" status="PASS">
          <reporter-output>
          </reporter-output>
        </test-method> <!-- validateTitleTest -->
        <test-method is-config="true" signature="teardown()[pri:0, instance:com.citi.test.LoginUITest@13fd2ccd]" started-at="2022-10-21T14:50:55 IST" name="teardown" finished-at="2022-10-21T14:50:55 IST" duration-ms="206" status="PASS">
          <reporter-output>
          </reporter-output>
        </test-method> <!-- teardown -->
      </class> <!-- com.citi.test.LoginUITest -->
      <class name="com.citi.test.LoginTest">
        <test-method is-config="true" signature="setup(java.lang.String)[pri:0, instance:com.citi.test.LoginTest@2794eab6]" started-at="2022-10-21T14:50:56 IST" name="setup" finished-at="2022-10-21T14:51:00 IST" duration-ms="4510" status="PASS">
          <params>
            <param index="0">
              <value>
                <![CDATA[edge]]>
              </value>
            </param>
          </params>
          <reporter-output>
          </reporter-output>
        </test-method> <!-- setup -->
        <test-method signature="validCredentialTest(java.lang.String,java.lang.String,java.lang.String)[pri:0, instance:com.citi.test.LoginTest@2794eab6]" started-at="2022-10-21T14:51:00 IST" name="validCredentialTest" data-provider="commonDataProvider" finished-at="2022-10-21T14:51:06 IST" duration-ms="6165" status="PASS">
          <params>
            <param index="0">
              <value>
                <![CDATA[Admin]]>
              </value>
            </param>
            <param index="1">
              <value>
                <![CDATA[admin123]]>
              </value>
            </param>
            <param index="2">
              <value>
                <![CDATA[Employee Information]]>
              </value>
            </param>
          </params>
          <reporter-output>
          </reporter-output>
        </test-method> <!-- validCredentialTest -->
        <test-method is-config="true" signature="teardown()[pri:0, instance:com.citi.test.LoginTest@2794eab6]" started-at="2022-10-21T14:51:06 IST" name="teardown" finished-at="2022-10-21T14:51:06 IST" duration-ms="179" status="PASS">
          <reporter-output>
          </reporter-output>
        </test-method> <!-- teardown -->
        <test-method is-config="true" signature="setup(java.lang.String)[pri:0, instance:com.citi.test.LoginTest@2794eab6]" started-at="2022-10-21T14:51:06 IST" name="setup" finished-at="2022-10-21T14:51:11 IST" duration-ms="4529" status="PASS">
          <params>
            <param index="0">
              <value>
                <![CDATA[edge]]>
              </value>
            </param>
          </params>
          <reporter-output>
          </reporter-output>
        </test-method> <!-- setup -->
        <test-method signature="validCredentialTest(java.lang.String,java.lang.String,java.lang.String)[pri:0, instance:com.citi.test.LoginTest@2794eab6]" started-at="2022-10-21T14:51:11 IST" name="validCredentialTest" data-provider="commonDataProvider" finished-at="2022-10-21T14:51:16 IST" duration-ms="4877" status="PASS">
          <params>
            <param index="0">
              <value>
                <![CDATA[Admin]]>
              </value>
            </param>
            <param index="1">
              <value>
                <![CDATA[admin123]]>
              </value>
            </param>
            <param index="2">
              <value>
                <![CDATA[Employee Information]]>
              </value>
            </param>
          </params>
          <reporter-output>
          </reporter-output>
        </test-method> <!-- validCredentialTest -->
        <test-method is-config="true" signature="teardown()[pri:0, instance:com.citi.test.LoginTest@2794eab6]" started-at="2022-10-21T14:51:16 IST" name="teardown" finished-at="2022-10-21T14:51:16 IST" duration-ms="181" status="PASS">
          <reporter-output>
          </reporter-output>
        </test-method> <!-- teardown -->
      </class> <!-- com.citi.test.LoginTest -->
    </test> <!-- Smoke Test -->
  </suite> <!-- OrangeHRM Suite -->
</testng-results>
